streets of SFO (1977)	1
Kindergarten Cop (1990)	1
Terminator 3 (2003)	2
hercules in ny (1969)	2
Terminator 2 (1991)	2
The Last Stand (2013)	7
Red Heat (1988)	7
Batman and Robin (1997)	8
Collateral Damage (2002)	9
The 6th day (2000)	9
End of days (1999)	11
The Running Man (1987)	14
Expendibles 2 (2012)	18
conan the barbarian (1982)	19
The Last Action Hero (1993)	23
Terminator 1 (1984)	23
Raw Deal (1986)	24
Conan the Destroyer (1984)	26
Red Sonja (1985)	27
Predator (1987)	31
Eraser (1996)	43
Total Recall (1990)	44
True Lies (1994)	64
Commando (1985)	94
